<?xml version="1.0" encoding="UTF-8"?>
<testsuite xmlns:xsi="http://www.w3.org/2001/XMLSchema-instance" xsi:noNamespaceSchemaLocation="https://maven.apache.org/surefire/maven-surefire-plugin/xsd/surefire-test-report-3.0.xsd" version="3.0" name="com.effective.mobile.tasks.TasksApplicationTests" time="4.26" tests="9" errors="0" skipped="0" failures="0">
  <properties>
    <property name="java.specification.version" value="18"/>
    <property name="sun.jnu.encoding" value="UTF-8"/>
    <property name="java.class.path" value="/home/dorthava/IdeaProjects/tasks/target/test-classes:/home/dorthava/IdeaProjects/tasks/target/classes:/home/dorthava/.m2/repository/org/springframework/boot/spring-boot-starter-web/3.3.2/spring-boot-starter-web-3.3.2.jar:/home/dorthava/.m2/repository/org/springframework/boot/spring-boot-starter/3.3.2/spring-boot-starter-3.3.2.jar:/home/dorthava/.m2/repository/org/springframework/boot/spring-boot/3.3.2/spring-boot-3.3.2.jar:/home/dorthava/.m2/repository/org/springframework/boot/spring-boot-autoconfigure/3.3.2/spring-boot-autoconfigure-3.3.2.jar:/home/dorthava/.m2/repository/org/springframework/boot/spring-boot-starter-logging/3.3.2/spring-boot-starter-logging-3.3.2.jar:/home/dorthava/.m2/repository/ch/qos/logback/logback-classic/1.5.6/logback-classic-1.5.6.jar:/home/dorthava/.m2/repository/ch/qos/logback/logback-core/1.5.6/logback-core-1.5.6.jar:/home/dorthava/.m2/repository/org/apache/logging/log4j/log4j-to-slf4j/2.23.1/log4j-to-slf4j-2.23.1.jar:/home/dorthava/.m2/repository/org/apache/logging/log4j/log4j-api/2.23.1/log4j-api-2.23.1.jar:/home/dorthava/.m2/repository/org/slf4j/jul-to-slf4j/2.0.13/jul-to-slf4j-2.0.13.jar:/home/dorthava/.m2/repository/jakarta/annotation/jakarta.annotation-api/2.1.1/jakarta.annotation-api-2.1.1.jar:/home/dorthava/.m2/repository/org/yaml/snakeyaml/2.2/snakeyaml-2.2.jar:/home/dorthava/.m2/repository/org/springframework/boot/spring-boot-starter-json/3.3.2/spring-boot-starter-json-3.3.2.jar:/home/dorthava/.m2/repository/com/fasterxml/jackson/datatype/jackson-datatype-jdk8/2.17.2/jackson-datatype-jdk8-2.17.2.jar:/home/dorthava/.m2/repository/com/fasterxml/jackson/datatype/jackson-datatype-jsr310/2.17.2/jackson-datatype-jsr310-2.17.2.jar:/home/dorthava/.m2/repository/com/fasterxml/jackson/module/jackson-module-parameter-names/2.17.2/jackson-module-parameter-names-2.17.2.jar:/home/dorthava/.m2/repository/org/springframework/boot/spring-boot-starter-tomcat/3.3.2/spring-boot-starter-tomcat-3.3.2.jar:/home/dorthava/.m2/repository/org/apache/tomcat/embed/tomcat-embed-core/10.1.26/tomcat-embed-core-10.1.26.jar:/home/dorthava/.m2/repository/org/apache/tomcat/embed/tomcat-embed-websocket/10.1.26/tomcat-embed-websocket-10.1.26.jar:/home/dorthava/.m2/repository/org/springframework/spring-web/6.1.11/spring-web-6.1.11.jar:/home/dorthava/.m2/repository/org/springframework/spring-beans/6.1.11/spring-beans-6.1.11.jar:/home/dorthava/.m2/repository/io/micrometer/micrometer-observation/1.13.2/micrometer-observation-1.13.2.jar:/home/dorthava/.m2/repository/io/micrometer/micrometer-commons/1.13.2/micrometer-commons-1.13.2.jar:/home/dorthava/.m2/repository/org/springframework/spring-webmvc/6.1.11/spring-webmvc-6.1.11.jar:/home/dorthava/.m2/repository/org/springframework/spring-context/6.1.11/spring-context-6.1.11.jar:/home/dorthava/.m2/repository/org/springframework/spring-expression/6.1.11/spring-expression-6.1.11.jar:/home/dorthava/.m2/repository/org/springframework/boot/spring-boot-starter-validation/3.3.2/spring-boot-starter-validation-3.3.2.jar:/home/dorthava/.m2/repository/org/apache/tomcat/embed/tomcat-embed-el/10.1.26/tomcat-embed-el-10.1.26.jar:/home/dorthava/.m2/repository/org/hibernate/validator/hibernate-validator/8.0.1.Final/hibernate-validator-8.0.1.Final.jar:/home/dorthava/.m2/repository/jakarta/validation/jakarta.validation-api/3.0.2/jakarta.validation-api-3.0.2.jar:/home/dorthava/.m2/repository/org/jboss/logging/jboss-logging/3.5.3.Final/jboss-logging-3.5.3.Final.jar:/home/dorthava/.m2/repository/com/fasterxml/classmate/1.7.0/classmate-1.7.0.jar:/home/dorthava/.m2/repository/org/apache/commons/commons-lang3/3.14.0/commons-lang3-3.14.0.jar:/home/dorthava/.m2/repository/org/springdoc/springdoc-openapi-starter-webmvc-ui/2.2.0/springdoc-openapi-starter-webmvc-ui-2.2.0.jar:/home/dorthava/.m2/repository/org/springdoc/springdoc-openapi-starter-webmvc-api/2.2.0/springdoc-openapi-starter-webmvc-api-2.2.0.jar:/home/dorthava/.m2/repository/org/springdoc/springdoc-openapi-starter-common/2.2.0/springdoc-openapi-starter-common-2.2.0.jar:/home/dorthava/.m2/repository/io/swagger/core/v3/swagger-core-jakarta/2.2.15/swagger-core-jakarta-2.2.15.jar:/home/dorthava/.m2/repository/io/swagger/core/v3/swagger-annotations-jakarta/2.2.15/swagger-annotations-jakarta-2.2.15.jar:/home/dorthava/.m2/repository/io/swagger/core/v3/swagger-models-jakarta/2.2.15/swagger-models-jakarta-2.2.15.jar:/home/dorthava/.m2/repository/com/fasterxml/jackson/dataformat/jackson-dataformat-yaml/2.17.2/jackson-dataformat-yaml-2.17.2.jar:/home/dorthava/.m2/repository/org/webjars/swagger-ui/5.2.0/swagger-ui-5.2.0.jar:/home/dorthava/.m2/repository/org/projectlombok/lombok/1.18.34/lombok-1.18.34.jar:/home/dorthava/.m2/repository/org/springframework/boot/spring-boot-starter-security/3.3.2/spring-boot-starter-security-3.3.2.jar:/home/dorthava/.m2/repository/org/springframework/spring-aop/6.1.11/spring-aop-6.1.11.jar:/home/dorthava/.m2/repository/org/springframework/security/spring-security-config/6.3.1/spring-security-config-6.3.1.jar:/home/dorthava/.m2/repository/org/springframework/security/spring-security-web/6.3.1/spring-security-web-6.3.1.jar:/home/dorthava/.m2/repository/io/jsonwebtoken/jjwt-api/0.12.6/jjwt-api-0.12.6.jar:/home/dorthava/.m2/repository/io/jsonwebtoken/jjwt-impl/0.12.6/jjwt-impl-0.12.6.jar:/home/dorthava/.m2/repository/io/jsonwebtoken/jjwt-jackson/0.12.6/jjwt-jackson-0.12.6.jar:/home/dorthava/.m2/repository/com/fasterxml/jackson/core/jackson-databind/2.17.2/jackson-databind-2.17.2.jar:/home/dorthava/.m2/repository/com/fasterxml/jackson/core/jackson-annotations/2.17.2/jackson-annotations-2.17.2.jar:/home/dorthava/.m2/repository/com/fasterxml/jackson/core/jackson-core/2.17.2/jackson-core-2.17.2.jar:/home/dorthava/.m2/repository/org/springframework/boot/spring-boot-starter-data-jpa/3.3.2/spring-boot-starter-data-jpa-3.3.2.jar:/home/dorthava/.m2/repository/org/springframework/boot/spring-boot-starter-aop/3.3.2/spring-boot-starter-aop-3.3.2.jar:/home/dorthava/.m2/repository/org/aspectj/aspectjweaver/1.9.22.1/aspectjweaver-1.9.22.1.jar:/home/dorthava/.m2/repository/org/springframework/boot/spring-boot-starter-jdbc/3.3.2/spring-boot-starter-jdbc-3.3.2.jar:/home/dorthava/.m2/repository/com/zaxxer/HikariCP/5.1.0/HikariCP-5.1.0.jar:/home/dorthava/.m2/repository/org/springframework/spring-jdbc/6.1.11/spring-jdbc-6.1.11.jar:/home/dorthava/.m2/repository/org/hibernate/orm/hibernate-core/6.5.2.Final/hibernate-core-6.5.2.Final.jar:/home/dorthava/.m2/repository/jakarta/persistence/jakarta.persistence-api/3.1.0/jakarta.persistence-api-3.1.0.jar:/home/dorthava/.m2/repository/jakarta/transaction/jakarta.transaction-api/2.0.1/jakarta.transaction-api-2.0.1.jar:/home/dorthava/.m2/repository/org/hibernate/common/hibernate-commons-annotations/6.0.6.Final/hibernate-commons-annotations-6.0.6.Final.jar:/home/dorthava/.m2/repository/io/smallrye/jandex/3.1.2/jandex-3.1.2.jar:/home/dorthava/.m2/repository/net/bytebuddy/byte-buddy/1.14.18/byte-buddy-1.14.18.jar:/home/dorthava/.m2/repository/org/glassfish/jaxb/jaxb-runtime/4.0.5/jaxb-runtime-4.0.5.jar:/home/dorthava/.m2/repository/org/glassfish/jaxb/jaxb-core/4.0.5/jaxb-core-4.0.5.jar:/home/dorthava/.m2/repository/org/eclipse/angus/angus-activation/2.0.2/angus-activation-2.0.2.jar:/home/dorthava/.m2/repository/org/glassfish/jaxb/txw2/4.0.5/txw2-4.0.5.jar:/home/dorthava/.m2/repository/com/sun/istack/istack-commons-runtime/4.1.2/istack-commons-runtime-4.1.2.jar:/home/dorthava/.m2/repository/jakarta/inject/jakarta.inject-api/2.0.1/jakarta.inject-api-2.0.1.jar:/home/dorthava/.m2/repository/org/antlr/antlr4-runtime/4.13.0/antlr4-runtime-4.13.0.jar:/home/dorthava/.m2/repository/org/springframework/data/spring-data-jpa/3.3.2/spring-data-jpa-3.3.2.jar:/home/dorthava/.m2/repository/org/springframework/data/spring-data-commons/3.3.2/spring-data-commons-3.3.2.jar:/home/dorthava/.m2/repository/org/springframework/spring-orm/6.1.11/spring-orm-6.1.11.jar:/home/dorthava/.m2/repository/org/springframework/spring-tx/6.1.11/spring-tx-6.1.11.jar:/home/dorthava/.m2/repository/org/slf4j/slf4j-api/2.0.13/slf4j-api-2.0.13.jar:/home/dorthava/.m2/repository/org/springframework/spring-aspects/6.1.11/spring-aspects-6.1.11.jar:/home/dorthava/.m2/repository/org/flywaydb/flyway-core/10.10.0/flyway-core-10.10.0.jar:/home/dorthava/.m2/repository/com/fasterxml/jackson/dataformat/jackson-dataformat-toml/2.17.2/jackson-dataformat-toml-2.17.2.jar:/home/dorthava/.m2/repository/com/google/code/gson/gson/2.10.1/gson-2.10.1.jar:/home/dorthava/.m2/repository/org/flywaydb/flyway-database-postgresql/10.10.0/flyway-database-postgresql-10.10.0.jar:/home/dorthava/.m2/repository/org/postgresql/postgresql/42.7.3/postgresql-42.7.3.jar:/home/dorthava/.m2/repository/org/checkerframework/checker-qual/3.42.0/checker-qual-3.42.0.jar:/home/dorthava/.m2/repository/org/springframework/boot/spring-boot-starter-test/3.3.2/spring-boot-starter-test-3.3.2.jar:/home/dorthava/.m2/repository/org/springframework/boot/spring-boot-test/3.3.2/spring-boot-test-3.3.2.jar:/home/dorthava/.m2/repository/org/springframework/boot/spring-boot-test-autoconfigure/3.3.2/spring-boot-test-autoconfigure-3.3.2.jar:/home/dorthava/.m2/repository/com/jayway/jsonpath/json-path/2.9.0/json-path-2.9.0.jar:/home/dorthava/.m2/repository/jakarta/xml/bind/jakarta.xml.bind-api/4.0.2/jakarta.xml.bind-api-4.0.2.jar:/home/dorthava/.m2/repository/jakarta/activation/jakarta.activation-api/2.1.3/jakarta.activation-api-2.1.3.jar:/home/dorthava/.m2/repository/net/minidev/json-smart/2.5.1/json-smart-2.5.1.jar:/home/dorthava/.m2/repository/net/minidev/accessors-smart/2.5.1/accessors-smart-2.5.1.jar:/home/dorthava/.m2/repository/org/ow2/asm/asm/9.6/asm-9.6.jar:/home/dorthava/.m2/repository/org/assertj/assertj-core/3.25.3/assertj-core-3.25.3.jar:/home/dorthava/.m2/repository/org/awaitility/awaitility/4.2.1/awaitility-4.2.1.jar:/home/dorthava/.m2/repository/org/hamcrest/hamcrest/2.2/hamcrest-2.2.jar:/home/dorthava/.m2/repository/org/junit/jupiter/junit-jupiter/5.10.3/junit-jupiter-5.10.3.jar:/home/dorthava/.m2/repository/org/junit/jupiter/junit-jupiter-api/5.10.3/junit-jupiter-api-5.10.3.jar:/home/dorthava/.m2/repository/org/opentest4j/opentest4j/1.3.0/opentest4j-1.3.0.jar:/home/dorthava/.m2/repository/org/junit/platform/junit-platform-commons/1.10.3/junit-platform-commons-1.10.3.jar:/home/dorthava/.m2/repository/org/apiguardian/apiguardian-api/1.1.2/apiguardian-api-1.1.2.jar:/home/dorthava/.m2/repository/org/junit/jupiter/junit-jupiter-params/5.10.3/junit-jupiter-params-5.10.3.jar:/home/dorthava/.m2/repository/org/junit/jupiter/junit-jupiter-engine/5.10.3/junit-jupiter-engine-5.10.3.jar:/home/dorthava/.m2/repository/org/junit/platform/junit-platform-engine/1.10.3/junit-platform-engine-1.10.3.jar:/home/dorthava/.m2/repository/org/mockito/mockito-core/5.11.0/mockito-core-5.11.0.jar:/home/dorthava/.m2/repository/net/bytebuddy/byte-buddy-agent/1.14.18/byte-buddy-agent-1.14.18.jar:/home/dorthava/.m2/repository/org/objenesis/objenesis/3.3/objenesis-3.3.jar:/home/dorthava/.m2/repository/org/mockito/mockito-junit-jupiter/5.11.0/mockito-junit-jupiter-5.11.0.jar:/home/dorthava/.m2/repository/org/skyscreamer/jsonassert/1.5.3/jsonassert-1.5.3.jar:/home/dorthava/.m2/repository/com/vaadin/external/google/android-json/0.0.20131108.vaadin1/android-json-0.0.20131108.vaadin1.jar:/home/dorthava/.m2/repository/org/springframework/spring-core/6.1.11/spring-core-6.1.11.jar:/home/dorthava/.m2/repository/org/springframework/spring-jcl/6.1.11/spring-jcl-6.1.11.jar:/home/dorthava/.m2/repository/org/springframework/spring-test/6.1.11/spring-test-6.1.11.jar:/home/dorthava/.m2/repository/org/xmlunit/xmlunit-core/2.9.1/xmlunit-core-2.9.1.jar:/home/dorthava/.m2/repository/org/springframework/security/spring-security-test/6.3.1/spring-security-test-6.3.1.jar:/home/dorthava/.m2/repository/org/springframework/security/spring-security-core/6.3.1/spring-security-core-6.3.1.jar:/home/dorthava/.m2/repository/org/springframework/security/spring-security-crypto/6.3.1/spring-security-crypto-6.3.1.jar:"/>
    <property name="java.vm.vendor" value="Private Build"/>
    <property name="sun.arch.data.model" value="64"/>
    <property name="java.vendor.url" value="Unknown"/>
    <property name="user.timezone" value="Europe/Moscow"/>
    <property name="org.jboss.logging.provider" value="slf4j"/>
    <property name="os.name" value="Linux"/>
    <property name="java.vm.specification.version" value="18"/>
    <property name="sun.java.launcher" value="SUN_STANDARD"/>
    <property name="user.country" value="US"/>
    <property name="sun.boot.library.path" value="/usr/lib/jvm/java-18-openjdk-amd64/lib"/>
    <property name="sun.java.command" value="/home/dorthava/IdeaProjects/tasks/target/surefire/surefirebooter-20240813102017808_3.jar /home/dorthava/IdeaProjects/tasks/target/surefire 2024-08-13T10-20-17_765-jvmRun1 surefire-20240813102017808_1tmp surefire_0-20240813102017808_2tmp"/>
    <property name="jdk.debug" value="release"/>
    <property name="surefire.test.class.path" value="/home/dorthava/IdeaProjects/tasks/target/test-classes:/home/dorthava/IdeaProjects/tasks/target/classes:/home/dorthava/.m2/repository/org/springframework/boot/spring-boot-starter-web/3.3.2/spring-boot-starter-web-3.3.2.jar:/home/dorthava/.m2/repository/org/springframework/boot/spring-boot-starter/3.3.2/spring-boot-starter-3.3.2.jar:/home/dorthava/.m2/repository/org/springframework/boot/spring-boot/3.3.2/spring-boot-3.3.2.jar:/home/dorthava/.m2/repository/org/springframework/boot/spring-boot-autoconfigure/3.3.2/spring-boot-autoconfigure-3.3.2.jar:/home/dorthava/.m2/repository/org/springframework/boot/spring-boot-starter-logging/3.3.2/spring-boot-starter-logging-3.3.2.jar:/home/dorthava/.m2/repository/ch/qos/logback/logback-classic/1.5.6/logback-classic-1.5.6.jar:/home/dorthava/.m2/repository/ch/qos/logback/logback-core/1.5.6/logback-core-1.5.6.jar:/home/dorthava/.m2/repository/org/apache/logging/log4j/log4j-to-slf4j/2.23.1/log4j-to-slf4j-2.23.1.jar:/home/dorthava/.m2/repository/org/apache/logging/log4j/log4j-api/2.23.1/log4j-api-2.23.1.jar:/home/dorthava/.m2/repository/org/slf4j/jul-to-slf4j/2.0.13/jul-to-slf4j-2.0.13.jar:/home/dorthava/.m2/repository/jakarta/annotation/jakarta.annotation-api/2.1.1/jakarta.annotation-api-2.1.1.jar:/home/dorthava/.m2/repository/org/yaml/snakeyaml/2.2/snakeyaml-2.2.jar:/home/dorthava/.m2/repository/org/springframework/boot/spring-boot-starter-json/3.3.2/spring-boot-starter-json-3.3.2.jar:/home/dorthava/.m2/repository/com/fasterxml/jackson/datatype/jackson-datatype-jdk8/2.17.2/jackson-datatype-jdk8-2.17.2.jar:/home/dorthava/.m2/repository/com/fasterxml/jackson/datatype/jackson-datatype-jsr310/2.17.2/jackson-datatype-jsr310-2.17.2.jar:/home/dorthava/.m2/repository/com/fasterxml/jackson/module/jackson-module-parameter-names/2.17.2/jackson-module-parameter-names-2.17.2.jar:/home/dorthava/.m2/repository/org/springframework/boot/spring-boot-starter-tomcat/3.3.2/spring-boot-starter-tomcat-3.3.2.jar:/home/dorthava/.m2/repository/org/apache/tomcat/embed/tomcat-embed-core/10.1.26/tomcat-embed-core-10.1.26.jar:/home/dorthava/.m2/repository/org/apache/tomcat/embed/tomcat-embed-websocket/10.1.26/tomcat-embed-websocket-10.1.26.jar:/home/dorthava/.m2/repository/org/springframework/spring-web/6.1.11/spring-web-6.1.11.jar:/home/dorthava/.m2/repository/org/springframework/spring-beans/6.1.11/spring-beans-6.1.11.jar:/home/dorthava/.m2/repository/io/micrometer/micrometer-observation/1.13.2/micrometer-observation-1.13.2.jar:/home/dorthava/.m2/repository/io/micrometer/micrometer-commons/1.13.2/micrometer-commons-1.13.2.jar:/home/dorthava/.m2/repository/org/springframework/spring-webmvc/6.1.11/spring-webmvc-6.1.11.jar:/home/dorthava/.m2/repository/org/springframework/spring-context/6.1.11/spring-context-6.1.11.jar:/home/dorthava/.m2/repository/org/springframework/spring-expression/6.1.11/spring-expression-6.1.11.jar:/home/dorthava/.m2/repository/org/springframework/boot/spring-boot-starter-validation/3.3.2/spring-boot-starter-validation-3.3.2.jar:/home/dorthava/.m2/repository/org/apache/tomcat/embed/tomcat-embed-el/10.1.26/tomcat-embed-el-10.1.26.jar:/home/dorthava/.m2/repository/org/hibernate/validator/hibernate-validator/8.0.1.Final/hibernate-validator-8.0.1.Final.jar:/home/dorthava/.m2/repository/jakarta/validation/jakarta.validation-api/3.0.2/jakarta.validation-api-3.0.2.jar:/home/dorthava/.m2/repository/org/jboss/logging/jboss-logging/3.5.3.Final/jboss-logging-3.5.3.Final.jar:/home/dorthava/.m2/repository/com/fasterxml/classmate/1.7.0/classmate-1.7.0.jar:/home/dorthava/.m2/repository/org/apache/commons/commons-lang3/3.14.0/commons-lang3-3.14.0.jar:/home/dorthava/.m2/repository/org/springdoc/springdoc-openapi-starter-webmvc-ui/2.2.0/springdoc-openapi-starter-webmvc-ui-2.2.0.jar:/home/dorthava/.m2/repository/org/springdoc/springdoc-openapi-starter-webmvc-api/2.2.0/springdoc-openapi-starter-webmvc-api-2.2.0.jar:/home/dorthava/.m2/repository/org/springdoc/springdoc-openapi-starter-common/2.2.0/springdoc-openapi-starter-common-2.2.0.jar:/home/dorthava/.m2/repository/io/swagger/core/v3/swagger-core-jakarta/2.2.15/swagger-core-jakarta-2.2.15.jar:/home/dorthava/.m2/repository/io/swagger/core/v3/swagger-annotations-jakarta/2.2.15/swagger-annotations-jakarta-2.2.15.jar:/home/dorthava/.m2/repository/io/swagger/core/v3/swagger-models-jakarta/2.2.15/swagger-models-jakarta-2.2.15.jar:/home/dorthava/.m2/repository/com/fasterxml/jackson/dataformat/jackson-dataformat-yaml/2.17.2/jackson-dataformat-yaml-2.17.2.jar:/home/dorthava/.m2/repository/org/webjars/swagger-ui/5.2.0/swagger-ui-5.2.0.jar:/home/dorthava/.m2/repository/org/projectlombok/lombok/1.18.34/lombok-1.18.34.jar:/home/dorthava/.m2/repository/org/springframework/boot/spring-boot-starter-security/3.3.2/spring-boot-starter-security-3.3.2.jar:/home/dorthava/.m2/repository/org/springframework/spring-aop/6.1.11/spring-aop-6.1.11.jar:/home/dorthava/.m2/repository/org/springframework/security/spring-security-config/6.3.1/spring-security-config-6.3.1.jar:/home/dorthava/.m2/repository/org/springframework/security/spring-security-web/6.3.1/spring-security-web-6.3.1.jar:/home/dorthava/.m2/repository/io/jsonwebtoken/jjwt-api/0.12.6/jjwt-api-0.12.6.jar:/home/dorthava/.m2/repository/io/jsonwebtoken/jjwt-impl/0.12.6/jjwt-impl-0.12.6.jar:/home/dorthava/.m2/repository/io/jsonwebtoken/jjwt-jackson/0.12.6/jjwt-jackson-0.12.6.jar:/home/dorthava/.m2/repository/com/fasterxml/jackson/core/jackson-databind/2.17.2/jackson-databind-2.17.2.jar:/home/dorthava/.m2/repository/com/fasterxml/jackson/core/jackson-annotations/2.17.2/jackson-annotations-2.17.2.jar:/home/dorthava/.m2/repository/com/fasterxml/jackson/core/jackson-core/2.17.2/jackson-core-2.17.2.jar:/home/dorthava/.m2/repository/org/springframework/boot/spring-boot-starter-data-jpa/3.3.2/spring-boot-starter-data-jpa-3.3.2.jar:/home/dorthava/.m2/repository/org/springframework/boot/spring-boot-starter-aop/3.3.2/spring-boot-starter-aop-3.3.2.jar:/home/dorthava/.m2/repository/org/aspectj/aspectjweaver/1.9.22.1/aspectjweaver-1.9.22.1.jar:/home/dorthava/.m2/repository/org/springframework/boot/spring-boot-starter-jdbc/3.3.2/spring-boot-starter-jdbc-3.3.2.jar:/home/dorthava/.m2/repository/com/zaxxer/HikariCP/5.1.0/HikariCP-5.1.0.jar:/home/dorthava/.m2/repository/org/springframework/spring-jdbc/6.1.11/spring-jdbc-6.1.11.jar:/home/dorthava/.m2/repository/org/hibernate/orm/hibernate-core/6.5.2.Final/hibernate-core-6.5.2.Final.jar:/home/dorthava/.m2/repository/jakarta/persistence/jakarta.persistence-api/3.1.0/jakarta.persistence-api-3.1.0.jar:/home/dorthava/.m2/repository/jakarta/transaction/jakarta.transaction-api/2.0.1/jakarta.transaction-api-2.0.1.jar:/home/dorthava/.m2/repository/org/hibernate/common/hibernate-commons-annotations/6.0.6.Final/hibernate-commons-annotations-6.0.6.Final.jar:/home/dorthava/.m2/repository/io/smallrye/jandex/3.1.2/jandex-3.1.2.jar:/home/dorthava/.m2/repository/net/bytebuddy/byte-buddy/1.14.18/byte-buddy-1.14.18.jar:/home/dorthava/.m2/repository/org/glassfish/jaxb/jaxb-runtime/4.0.5/jaxb-runtime-4.0.5.jar:/home/dorthava/.m2/repository/org/glassfish/jaxb/jaxb-core/4.0.5/jaxb-core-4.0.5.jar:/home/dorthava/.m2/repository/org/eclipse/angus/angus-activation/2.0.2/angus-activation-2.0.2.jar:/home/dorthava/.m2/repository/org/glassfish/jaxb/txw2/4.0.5/txw2-4.0.5.jar:/home/dorthava/.m2/repository/com/sun/istack/istack-commons-runtime/4.1.2/istack-commons-runtime-4.1.2.jar:/home/dorthava/.m2/repository/jakarta/inject/jakarta.inject-api/2.0.1/jakarta.inject-api-2.0.1.jar:/home/dorthava/.m2/repository/org/antlr/antlr4-runtime/4.13.0/antlr4-runtime-4.13.0.jar:/home/dorthava/.m2/repository/org/springframework/data/spring-data-jpa/3.3.2/spring-data-jpa-3.3.2.jar:/home/dorthava/.m2/repository/org/springframework/data/spring-data-commons/3.3.2/spring-data-commons-3.3.2.jar:/home/dorthava/.m2/repository/org/springframework/spring-orm/6.1.11/spring-orm-6.1.11.jar:/home/dorthava/.m2/repository/org/springframework/spring-tx/6.1.11/spring-tx-6.1.11.jar:/home/dorthava/.m2/repository/org/slf4j/slf4j-api/2.0.13/slf4j-api-2.0.13.jar:/home/dorthava/.m2/repository/org/springframework/spring-aspects/6.1.11/spring-aspects-6.1.11.jar:/home/dorthava/.m2/repository/org/flywaydb/flyway-core/10.10.0/flyway-core-10.10.0.jar:/home/dorthava/.m2/repository/com/fasterxml/jackson/dataformat/jackson-dataformat-toml/2.17.2/jackson-dataformat-toml-2.17.2.jar:/home/dorthava/.m2/repository/com/google/code/gson/gson/2.10.1/gson-2.10.1.jar:/home/dorthava/.m2/repository/org/flywaydb/flyway-database-postgresql/10.10.0/flyway-database-postgresql-10.10.0.jar:/home/dorthava/.m2/repository/org/postgresql/postgresql/42.7.3/postgresql-42.7.3.jar:/home/dorthava/.m2/repository/org/checkerframework/checker-qual/3.42.0/checker-qual-3.42.0.jar:/home/dorthava/.m2/repository/org/springframework/boot/spring-boot-starter-test/3.3.2/spring-boot-starter-test-3.3.2.jar:/home/dorthava/.m2/repository/org/springframework/boot/spring-boot-test/3.3.2/spring-boot-test-3.3.2.jar:/home/dorthava/.m2/repository/org/springframework/boot/spring-boot-test-autoconfigure/3.3.2/spring-boot-test-autoconfigure-3.3.2.jar:/home/dorthava/.m2/repository/com/jayway/jsonpath/json-path/2.9.0/json-path-2.9.0.jar:/home/dorthava/.m2/repository/jakarta/xml/bind/jakarta.xml.bind-api/4.0.2/jakarta.xml.bind-api-4.0.2.jar:/home/dorthava/.m2/repository/jakarta/activation/jakarta.activation-api/2.1.3/jakarta.activation-api-2.1.3.jar:/home/dorthava/.m2/repository/net/minidev/json-smart/2.5.1/json-smart-2.5.1.jar:/home/dorthava/.m2/repository/net/minidev/accessors-smart/2.5.1/accessors-smart-2.5.1.jar:/home/dorthava/.m2/repository/org/ow2/asm/asm/9.6/asm-9.6.jar:/home/dorthava/.m2/repository/org/assertj/assertj-core/3.25.3/assertj-core-3.25.3.jar:/home/dorthava/.m2/repository/org/awaitility/awaitility/4.2.1/awaitility-4.2.1.jar:/home/dorthava/.m2/repository/org/hamcrest/hamcrest/2.2/hamcrest-2.2.jar:/home/dorthava/.m2/repository/org/junit/jupiter/junit-jupiter/5.10.3/junit-jupiter-5.10.3.jar:/home/dorthava/.m2/repository/org/junit/jupiter/junit-jupiter-api/5.10.3/junit-jupiter-api-5.10.3.jar:/home/dorthava/.m2/repository/org/opentest4j/opentest4j/1.3.0/opentest4j-1.3.0.jar:/home/dorthava/.m2/repository/org/junit/platform/junit-platform-commons/1.10.3/junit-platform-commons-1.10.3.jar:/home/dorthava/.m2/repository/org/apiguardian/apiguardian-api/1.1.2/apiguardian-api-1.1.2.jar:/home/dorthava/.m2/repository/org/junit/jupiter/junit-jupiter-params/5.10.3/junit-jupiter-params-5.10.3.jar:/home/dorthava/.m2/repository/org/junit/jupiter/junit-jupiter-engine/5.10.3/junit-jupiter-engine-5.10.3.jar:/home/dorthava/.m2/repository/org/junit/platform/junit-platform-engine/1.10.3/junit-platform-engine-1.10.3.jar:/home/dorthava/.m2/repository/org/mockito/mockito-core/5.11.0/mockito-core-5.11.0.jar:/home/dorthava/.m2/repository/net/bytebuddy/byte-buddy-agent/1.14.18/byte-buddy-agent-1.14.18.jar:/home/dorthava/.m2/repository/org/objenesis/objenesis/3.3/objenesis-3.3.jar:/home/dorthava/.m2/repository/org/mockito/mockito-junit-jupiter/5.11.0/mockito-junit-jupiter-5.11.0.jar:/home/dorthava/.m2/repository/org/skyscreamer/jsonassert/1.5.3/jsonassert-1.5.3.jar:/home/dorthava/.m2/repository/com/vaadin/external/google/android-json/0.0.20131108.vaadin1/android-json-0.0.20131108.vaadin1.jar:/home/dorthava/.m2/repository/org/springframework/spring-core/6.1.11/spring-core-6.1.11.jar:/home/dorthava/.m2/repository/org/springframework/spring-jcl/6.1.11/spring-jcl-6.1.11.jar:/home/dorthava/.m2/repository/org/springframework/spring-test/6.1.11/spring-test-6.1.11.jar:/home/dorthava/.m2/repository/org/xmlunit/xmlunit-core/2.9.1/xmlunit-core-2.9.1.jar:/home/dorthava/.m2/repository/org/springframework/security/spring-security-test/6.3.1/spring-security-test-6.3.1.jar:/home/dorthava/.m2/repository/org/springframework/security/spring-security-core/6.3.1/spring-security-core-6.3.1.jar:/home/dorthava/.m2/repository/org/springframework/security/spring-security-crypto/6.3.1/spring-security-crypto-6.3.1.jar:"/>
    <property name="sun.cpu.endian" value="little"/>
    <property name="user.home" value="/home/dorthava"/>
    <property name="user.language" value="en"/>
    <property name="java.specification.vendor" value="Oracle Corporation"/>
    <property name="java.version.date" value="2022-07-19"/>
    <property name="java.home" value="/usr/lib/jvm/java-18-openjdk-amd64"/>
    <property name="file.separator" value="/"/>
    <property name="basedir" value="/home/dorthava/IdeaProjects/tasks"/>
    <property name="java.vm.compressedOopsMode" value="Zero based"/>
    <property name="line.separator" value="&#10;"/>
    <property name="java.specification.name" value="Java Platform API Specification"/>
    <property name="java.vm.specification.vendor" value="Oracle Corporation"/>
    <property name="FILE_LOG_CHARSET" value="UTF-8"/>
    <property name="java.awt.headless" value="true"/>
    <property name="surefire.real.class.path" value="/home/dorthava/IdeaProjects/tasks/target/surefire/surefirebooter-20240813102017808_3.jar"/>
    <property name="sun.management.compiler" value="HotSpot 64-Bit Tiered Compilers"/>
    <property name="java.runtime.version" value="18.0.2-ea+9-Ubuntu-222.04"/>
    <property name="user.name" value="dorthava"/>
    <property name="path.separator" value=":"/>
    <property name="os.version" value="6.5.0-45-generic"/>
    <property name="java.runtime.name" value="OpenJDK Runtime Environment"/>
    <property name="file.encoding" value="UTF-8"/>
    <property name="java.vm.name" value="OpenJDK 64-Bit Server VM"/>
    <property name="localRepository" value="/home/dorthava/.m2/repository"/>
    <property name="java.vendor.url.bug" value="Unknown"/>
    <property name="java.io.tmpdir" value="/tmp"/>
    <property name="com.zaxxer.hikari.pool_number" value="1"/>
    <property name="java.version" value="18.0.2-ea"/>
    <property name="user.dir" value="/home/dorthava/IdeaProjects/tasks"/>
    <property name="os.arch" value="amd64"/>
    <property name="java.vm.specification.name" value="Java Virtual Machine Specification"/>
    <property name="PID" value="36321"/>
    <property name="CONSOLE_LOG_CHARSET" value="UTF-8"/>
    <property name="native.encoding" value="UTF-8"/>
    <property name="java.library.path" value="/usr/java/packages/lib:/usr/lib/x86_64-linux-gnu/jni:/lib/x86_64-linux-gnu:/usr/lib/x86_64-linux-gnu:/usr/lib/jni:/lib:/usr/lib"/>
    <property name="java.vm.info" value="mixed mode, sharing"/>
    <property name="java.vendor" value="Private Build"/>
    <property name="java.vm.version" value="18.0.2-ea+9-Ubuntu-222.04"/>
    <property name="sun.io.unicode.encoding" value="UnicodeLittle"/>
    <property name="java.class.version" value="62.0"/>
  </properties>
  <testcase name="updateTaskSuccess" classname="com.effective.mobile.tasks.TasksApplicationTests" time="0.458">
    <system-out><![CDATA[10:20:18.341 [main] INFO org.springframework.test.context.support.AnnotationConfigContextLoaderUtils -- Could not detect default configuration classes for test class [com.effective.mobile.tasks.TasksApplicationTests]: TasksApplicationTests does not declare any static, non-private, non-final, nested classes annotated with @Configuration.
10:20:18.401 [main] INFO org.springframework.boot.test.context.SpringBootTestContextBootstrapper -- Found @SpringBootConfiguration com.effective.mobile.tasks.TasksApplication for test class com.effective.mobile.tasks.TasksApplicationTests

  .   ____          _            __ _ _
 /\\ / ___'_ __ _ _(_)_ __  __ _ \ \ \ \
( ( )\___ | '_ | '_| | '_ \/ _` | \ \ \ \
 \\/  ___)| |_)| | | | | || (_| |  ) ) ) )
  '  |____| .__|_| |_|_| |_\__, | / / / /
 =========|_|==============|___/=/_/_/_/

 :: Spring Boot ::                (v3.3.2)

2024-08-13T10:20:18.614+03:00  INFO 36321 --- [           main] c.e.mobile.tasks.TasksApplicationTests   : Starting TasksApplicationTests using Java 18.0.2-ea with PID 36321 (started by dorthava in /home/dorthava/IdeaProjects/tasks)
2024-08-13T10:20:18.615+03:00  INFO 36321 --- [           main] c.e.mobile.tasks.TasksApplicationTests   : No active profile set, falling back to 1 default profile: "default"
2024-08-13T10:20:19.259+03:00  INFO 36321 --- [           main] .s.d.r.c.RepositoryConfigurationDelegate : Bootstrapping Spring Data JPA repositories in DEFAULT mode.
2024-08-13T10:20:19.292+03:00  INFO 36321 --- [           main] .s.d.r.c.RepositoryConfigurationDelegate : Finished Spring Data repository scanning in 28 ms. Found 2 JPA repository interfaces.
2024-08-13T10:20:19.630+03:00  INFO 36321 --- [           main] com.zaxxer.hikari.HikariDataSource       : HikariPool-1 - Starting...
2024-08-13T10:20:19.831+03:00  INFO 36321 --- [           main] com.zaxxer.hikari.pool.HikariPool        : HikariPool-1 - Added connection org.postgresql.jdbc.PgConnection@7d7d8911
2024-08-13T10:20:19.832+03:00  INFO 36321 --- [           main] com.zaxxer.hikari.HikariDataSource       : HikariPool-1 - Start completed.
2024-08-13T10:20:19.852+03:00  INFO 36321 --- [           main] org.flywaydb.core.FlywayExecutor         : Database: jdbc:postgresql://localhost:5432/task (PostgreSQL 16.4)
2024-08-13T10:20:19.888+03:00  INFO 36321 --- [           main] o.f.core.internal.command.DbValidate     : Successfully validated 4 migrations (execution time 00:00.021s)
2024-08-13T10:20:19.924+03:00  INFO 36321 --- [           main] o.f.core.internal.command.DbMigrate      : Current version of schema "public": 00004
2024-08-13T10:20:19.926+03:00  INFO 36321 --- [           main] o.f.core.internal.command.DbMigrate      : Schema "public" is up to date. No migration necessary.
2024-08-13T10:20:19.980+03:00  INFO 36321 --- [           main] o.hibernate.jpa.internal.util.LogHelper  : HHH000204: Processing PersistenceUnitInfo [name: default]
2024-08-13T10:20:20.009+03:00  INFO 36321 --- [           main] org.hibernate.Version                    : HHH000412: Hibernate ORM core version 6.5.2.Final
2024-08-13T10:20:20.027+03:00  INFO 36321 --- [           main] o.h.c.internal.RegionFactoryInitiator    : HHH000026: Second-level cache disabled
2024-08-13T10:20:20.178+03:00  INFO 36321 --- [           main] o.s.o.j.p.SpringPersistenceUnitInfo      : No LoadTimeWeaver setup: ignoring JPA class transformer
2024-08-13T10:20:20.775+03:00  INFO 36321 --- [           main] o.h.e.t.j.p.i.JtaPlatformInitiator       : HHH000489: No JTA platform available (set 'hibernate.transaction.jta.platform' to enable JTA platform integration)
2024-08-13T10:20:20.777+03:00  INFO 36321 --- [           main] j.LocalContainerEntityManagerFactoryBean : Initialized JPA EntityManagerFactory for persistence unit 'default'
2024-08-13T10:20:20.985+03:00  INFO 36321 --- [           main] r$InitializeUserDetailsManagerConfigurer : Global AuthenticationManager configured with UserDetailsService bean with name customUserDetailsService
2024-08-13T10:20:21.007+03:00  INFO 36321 --- [           main] o.s.d.j.r.query.QueryEnhancerFactory     : Hibernate is in classpath; If applicable, HQL parser will be used.
2024-08-13T10:20:21.271+03:00  WARN 36321 --- [           main] JpaBaseConfiguration$JpaWebConfiguration : spring.jpa.open-in-view is enabled by default. Therefore, database queries may be performed during view rendering. Explicitly configure spring.jpa.open-in-view to disable this warning
2024-08-13T10:20:21.682+03:00  INFO 36321 --- [           main] o.s.b.t.m.w.SpringBootMockServletContext : Initializing Spring TestDispatcherServlet ''
2024-08-13T10:20:21.682+03:00  INFO 36321 --- [           main] o.s.t.web.servlet.TestDispatcherServlet  : Initializing Servlet ''
2024-08-13T10:20:21.683+03:00  INFO 36321 --- [           main] o.s.t.web.servlet.TestDispatcherServlet  : Completed initialization in 1 ms
2024-08-13T10:20:21.704+03:00  INFO 36321 --- [           main] c.e.mobile.tasks.TasksApplicationTests   : Started TasksApplicationTests in 3.226 seconds (process running for 3.858)
Hibernate: select u1_0.id,u1_0.email,u1_0.password,u1_0.role,u1_0.username from users u1_0 where u1_0.email=?
Hibernate: select t1_0.id from tasks t1_0 where t1_0.id=? and t1_0.author_id=? fetch first ? rows only
Hibernate: update tasks t1_0 set title=? where t1_0.id=?
Hibernate: select t1_0.id,t1_0.assignee_id,a1_0.id,a1_0.email,a1_0.password,a1_0.role,a1_0.username,t1_0.author_id,a2_0.id,a2_0.email,a2_0.password,a2_0.role,a2_0.username,t1_0.description,t1_0.priority,t1_0.status,t1_0.title from tasks t1_0 join users a1_0 on a1_0.id=t1_0.assignee_id join users a2_0 on a2_0.id=t1_0.author_id where t1_0.id=?
]]></system-out>
  </testcase>
  <testcase name="updateStatusTaskSuccess" classname="com.effective.mobile.tasks.TasksApplicationTests" time="0.02">
    <system-out><![CDATA[Hibernate: select t1_0.id,t1_0.assignee_id,a1_0.id,a1_0.email,a1_0.password,a1_0.role,a1_0.username,t1_0.author_id,a2_0.id,a2_0.email,a2_0.password,a2_0.role,a2_0.username,t1_0.description,t1_0.priority,t1_0.status,t1_0.title from tasks t1_0 join users a1_0 on a1_0.id=t1_0.assignee_id join users a2_0 on a2_0.id=t1_0.author_id where t1_0.id=?
Hibernate: select u1_0.id,u1_0.email,u1_0.password,u1_0.role,u1_0.username from users u1_0 where u1_0.email=?
Hibernate: select ta1_0.assignee_id,ta1_0.id,ta1_0.author_id,a2_0.id,a2_0.email,a2_0.password,a2_0.role,a2_0.username,ta1_0.description,ta1_0.priority,ta1_0.status,ta1_0.title from tasks ta1_0 left join users a2_0 on a2_0.id=ta1_0.author_id where ta1_0.assignee_id=?
Hibernate: update tasks t1_0 set status=? where t1_0.id=?
]]></system-out>
  </testcase>
  <testcase name="SignUpError" classname="com.effective.mobile.tasks.TasksApplicationTests" time="0.084">
    <system-out><![CDATA[Hibernate: select u1_0.id from users u1_0 where u1_0.username=? fetch first ? rows only
Hibernate: select u1_0.id from users u1_0 where u1_0.email=? fetch first ? rows only
]]></system-out>
  </testcase>
  <testcase name="updateStatusWrongUserTaskError" classname="com.effective.mobile.tasks.TasksApplicationTests" time="0.011">
    <system-out><![CDATA[Hibernate: select t1_0.id,t1_0.assignee_id,a1_0.id,a1_0.email,a1_0.password,a1_0.role,a1_0.username,t1_0.author_id,a2_0.id,a2_0.email,a2_0.password,a2_0.role,a2_0.username,t1_0.description,t1_0.priority,t1_0.status,t1_0.title from tasks t1_0 join users a1_0 on a1_0.id=t1_0.assignee_id join users a2_0 on a2_0.id=t1_0.author_id where t1_0.id=?
Hibernate: select u1_0.id,u1_0.email,u1_0.password,u1_0.role,u1_0.username from users u1_0 where u1_0.email=?
Hibernate: select ta1_0.assignee_id,ta1_0.id,ta1_0.author_id,a2_0.id,a2_0.email,a2_0.password,a2_0.role,a2_0.username,ta1_0.description,ta1_0.priority,ta1_0.status,ta1_0.title from tasks ta1_0 left join users a2_0 on a2_0.id=ta1_0.author_id where ta1_0.assignee_id=?
Hibernate: select tc1_0.author_id,tc1_0.id,tc1_0.assignee_id,a1_0.id,a1_0.email,a1_0.password,a1_0.role,a1_0.username,tc1_0.description,tc1_0.priority,tc1_0.status,tc1_0.title from tasks tc1_0 left join users a1_0 on a1_0.id=tc1_0.assignee_id where tc1_0.author_id=?
]]></system-out>
  </testcase>
  <testcase name="createTaskSuccess" classname="com.effective.mobile.tasks.TasksApplicationTests" time="0.03">
    <system-out><![CDATA[Hibernate: select u1_0.id,u1_0.email,u1_0.password,u1_0.role,u1_0.username from users u1_0 where u1_0.email=?
Hibernate: select u1_0.id,u1_0.email,u1_0.password,u1_0.role,u1_0.username from users u1_0 where u1_0.username=?
Hibernate: insert into tasks (assignee_id,author_id,description,priority,status,title) values (?,?,?,?,?,?) returning id
]]></system-out>
  </testcase>
  <testcase name="deleteTaskError" classname="com.effective.mobile.tasks.TasksApplicationTests" time="0.01">
    <system-out><![CDATA[Hibernate: select u1_0.id,u1_0.email,u1_0.password,u1_0.role,u1_0.username from users u1_0 where u1_0.email=?
Hibernate: select t1_0.id,t1_0.assignee_id,a1_0.id,a1_0.email,a1_0.password,a1_0.role,a1_0.username,t1_0.author_id,a2_0.id,a2_0.email,a2_0.password,a2_0.role,a2_0.username,t1_0.description,t1_0.priority,t1_0.status,t1_0.title from tasks t1_0 join users a1_0 on a1_0.id=t1_0.assignee_id join users a2_0 on a2_0.id=t1_0.author_id where t1_0.id=?
]]></system-out>
  </testcase>
  <testcase name="SignInSuccess" classname="com.effective.mobile.tasks.TasksApplicationTests" time="0.155">
    <system-out><![CDATA[Hibernate: select u1_0.id,u1_0.email,u1_0.password,u1_0.role,u1_0.username from users u1_0 where u1_0.email=?
Hibernate: select u1_0.id,u1_0.email,u1_0.password,u1_0.role,u1_0.username from users u1_0 where u1_0.email=?
]]></system-out>
  </testcase>
  <testcase name="findTaskSuccess" classname="com.effective.mobile.tasks.TasksApplicationTests" time="0.01">
    <system-out><![CDATA[Hibernate: select u1_0.id,u1_0.email,u1_0.password,u1_0.role,u1_0.username from users u1_0 where u1_0.username=?
Hibernate: select ta1_0.assignee_id,ta1_0.id,ta1_0.author_id,a2_0.id,a2_0.email,a2_0.password,a2_0.role,a2_0.username,ta1_0.description,ta1_0.priority,ta1_0.status,ta1_0.title from tasks ta1_0 left join users a2_0 on a2_0.id=ta1_0.author_id where ta1_0.assignee_id=?
]]></system-out>
  </testcase>
  <testcase name="updateTaskNoAuthorError" classname="com.effective.mobile.tasks.TasksApplicationTests" time="0.008">
    <system-out><![CDATA[Hibernate: select u1_0.id,u1_0.email,u1_0.password,u1_0.role,u1_0.username from users u1_0 where u1_0.email=?
Hibernate: select t1_0.id from tasks t1_0 where t1_0.id=? and t1_0.author_id=? fetch first ? rows only
]]></system-out>
  </testcase>
</testsuite>